<?xml version="1.0" encoding="UTF-8"?>
<testng-results skipped="0" failed="0" total="13" passed="13">
  <reporter-output>
  </reporter-output>
  <suite name="TestNG" duration-ms="193302" started-at="2015-04-08T06:04:50Z" finished-at="2015-04-08T06:08:04Z">
    <groups>
    </groups>
    <test name="RegressionTestCases" duration-ms="193302" started-at="2015-04-08T06:04:50Z" finished-at="2015-04-08T06:08:04Z">
      <class name="com.testsuite.BizrateTestSuite">
        <test-method status="PASS" signature="init()[pri:0, instance:com.testsuite.BizrateTestSuite@664883c]" name="init" is-config="true" duration-ms="2316" started-at="2015-04-08T11:34:50Z" finished-at="2015-04-08T11:34:53Z">
          <reporter-output>
          </reporter-output>
        </test-method> <!-- init -->
        <test-method status="PASS" signature="setup(java.lang.String, java.lang.String)[pri:0, instance:com.testsuite.BizrateTestSuite@664883c]" name="setup" duration-ms="13" started-at="2015-04-08T11:34:53Z" finished-at="2015-04-08T11:34:53Z">
          <params>
            <param index="0">
              <value>
                <![CDATA[Bizrate]]>
              </value>
            </param>
            <param index="1">
              <value>
                <![CDATA[Webdriver 2.0]]>
              </value>
            </param>
          </params>
          <reporter-output>
          </reporter-output>
        </test-method> <!-- setup -->
        <test-method status="PASS" signature="verifyShoppingAlertButtonAbsence()[pri:0, instance:com.testsuite.BizrateTestSuite@664883c]" name="verifyShoppingAlertButtonAbsence" duration-ms="8081" started-at="2015-04-08T11:34:53Z" finished-at="2015-04-08T11:35:01Z">
          <reporter-output>
          </reporter-output>
        </test-method> <!-- verifyShoppingAlertButtonAbsence -->
        <test-method status="PASS" signature="verifyRefineKeyword()[pri:0, instance:com.testsuite.BizrateTestSuite@664883c]" name="verifyRefineKeyword" duration-ms="10473" started-at="2015-04-08T11:35:01Z" finished-at="2015-04-08T11:35:11Z">
          <reporter-output>
          </reporter-output>
        </test-method> <!-- verifyRefineKeyword -->
        <test-method status="PASS" signature="verifyPageIntroAbsenceFor7Yand8N()[pri:0, instance:com.testsuite.BizrateTestSuite@664883c]" name="verifyPageIntroAbsenceFor7Yand8N" duration-ms="4735" started-at="2015-04-08T11:35:11Z" finished-at="2015-04-08T11:35:16Z">
          <reporter-output>
          </reporter-output>
        </test-method> <!-- verifyPageIntroAbsenceFor7Yand8N -->
        <test-method status="PASS" signature="verifyAttributeInCoolExperience()[pri:0, instance:com.testsuite.BizrateTestSuite@664883c]" name="verifyAttributeInCoolExperience" duration-ms="300" started-at="2015-04-08T11:35:16Z" finished-at="2015-04-08T11:35:16Z">
          <reporter-output>
          </reporter-output>
        </test-method> <!-- verifyAttributeInCoolExperience -->
        <test-method status="PASS" signature="verifyGACode()[pri:0, instance:com.testsuite.BizrateTestSuite@664883c]" name="verifyGACode" duration-ms="9046" started-at="2015-04-08T11:35:16Z" finished-at="2015-04-08T11:35:25Z">
          <reporter-output>
          </reporter-output>
        </test-method> <!-- verifyGACode -->
        <test-method status="PASS" signature="verifyComscoreGAAbsenceForBot()[pri:0, instance:com.testsuite.BizrateTestSuite@664883c]" name="verifyComscoreGAAbsenceForBot" duration-ms="69634" started-at="2015-04-08T11:35:25Z" finished-at="2015-04-08T11:36:35Z">
          <reporter-output>
          </reporter-output>
        </test-method> <!-- verifyComscoreGAAbsenceForBot -->
        <test-method status="PASS" signature="verifyGoogleInsightSurvey()[pri:0, instance:com.testsuite.BizrateTestSuite@664883c]" name="verifyGoogleInsightSurvey" duration-ms="11347" started-at="2015-04-08T11:36:35Z" finished-at="2015-04-08T11:36:46Z">
          <reporter-output>
          </reporter-output>
        </test-method> <!-- verifyGoogleInsightSurvey -->
        <test-method status="PASS" signature="verifyOverallSatisfactionPodAlignmentIn6E()[pri:0, instance:com.testsuite.BizrateTestSuite@664883c]" name="verifyOverallSatisfactionPodAlignmentIn6E" duration-ms="64231" started-at="2015-04-08T11:36:46Z" finished-at="2015-04-08T11:37:50Z">
          <reporter-output>
          </reporter-output>
        </test-method> <!-- verifyOverallSatisfactionPodAlignmentIn6E -->
        <test-method status="PASS" signature="verifySmileyStatusOnMerchantPages()[pri:0, instance:com.testsuite.BizrateTestSuite@664883c]" name="verifySmileyStatusOnMerchantPages" duration-ms="2697" started-at="2015-04-08T11:37:50Z" finished-at="2015-04-08T11:37:53Z">
          <reporter-output>
          </reporter-output>
        </test-method> <!-- verifySmileyStatusOnMerchantPages -->
        <test-method status="PASS" signature="verifyNoSlimLayoutForHotPagesSEM()[pri:0, instance:com.testsuite.BizrateTestSuite@664883c]" name="verifyNoSlimLayoutForHotPagesSEM" duration-ms="3312" started-at="2015-04-08T11:37:53Z" finished-at="2015-04-08T11:37:56Z">
          <reporter-output>
          </reporter-output>
        </test-method> <!-- verifyNoSlimLayoutForHotPagesSEM -->
        <test-method status="PASS" signature="verifyMerchantPagesForC14N()[pri:0, instance:com.testsuite.BizrateTestSuite@664883c]" name="verifyMerchantPagesForC14N" duration-ms="5221" started-at="2015-04-08T11:37:56Z" finished-at="2015-04-08T11:38:02Z">
          <reporter-output>
          </reporter-output>
        </test-method> <!-- verifyMerchantPagesForC14N -->
        <test-method status="PASS" signature="verifyMerchantPaginations()[pri:0, instance:com.testsuite.BizrateTestSuite@664883c]" name="verifyMerchantPaginations" duration-ms="548" started-at="2015-04-08T11:38:02Z" finished-at="2015-04-08T11:38:02Z">
          <reporter-output>
          </reporter-output>
        </test-method> <!-- verifyMerchantPaginations -->
        <test-method status="PASS" signature="tearDown()[pri:0, instance:com.testsuite.BizrateTestSuite@664883c]" name="tearDown" is-config="true" duration-ms="1303" started-at="2015-04-08T11:38:02Z" finished-at="2015-04-08T11:38:04Z">
          <reporter-output>
          </reporter-output>
        </test-method> <!-- tearDown -->
      </class> <!-- com.testsuite.BizrateTestSuite -->
    </test> <!-- RegressionTestCases -->
  </suite> <!-- TestNG -->
</testng-results>
